2025-10-12 21:40:08,495 [[32mINFO[0m[0m[0m] hx-autodiscover (autodiscover.py:7) :: hx-autodiscover initialized
2025-10-12 21:40:08,532 [[32mINFO[0m[0m[0m] hx-autodiscover (autodiscover.py:30) :: [HyperX autodiscover] No base packages provided, using defaults: ['hyperx.templatetags', 'hyperx.hyperx_elements', 'hyperx.core']
2025-10-12 21:40:08,532 [[36mDEBUG[0m[0m[0m] hx-autodiscover (autodiscover.py:39) :: [HyperX autodiscover] Scanning hyperx.templatetags...
2025-10-12 21:40:08,532 [[32mINFO[0m[0m[0m] hx-autodiscover (autodiscover.py:7) :: hx-autodiscover initialized
2025-10-12 21:40:08,532 [[36mDEBUG[0m[0m[0m] hx-autodiscover (autodiscover.py:47) :: [HyperX autodiscover] Imported hyperx.templatetags.autodiscover
2025-10-12 21:40:08,532 [[36mDEBUG[0m[0m[0m] hx-autodiscover (autodiscover.py:47) :: [HyperX autodiscover] Imported hyperx.templatetags.hyperx
2025-10-12 21:40:08,532 [[36mDEBUG[0m[0m[0m] hx-autodiscover (autodiscover.py:47) :: [HyperX autodiscover] Imported hyperx.templatetags.hyperx_elements
2025-10-12 21:40:08,532 [[33mWARNING[0m[0m[0m] hx-autodiscover (autodiscover.py:41) :: [HyperX autodiscover] Module not found: hyperx.hyperx_elements
2025-10-12 21:40:08,532 [[36mDEBUG[0m[0m[0m] hx-autodiscover (autodiscover.py:39) :: [HyperX autodiscover] Scanning hyperx.core...
2025-10-12 21:40:08,533 [[36mDEBUG[0m[0m[0m] hx-autodiscover (autodiscover.py:47) :: [HyperX autodiscover] Imported hyperx.core.crypto_hxjs
2025-10-12 21:40:08,533 [[33mWARNING[0m[0m[0m] hx-autodiscover (autodiscover.py:49) :: [HyperX autodiscover] Failed hyperx.core.cx_router_test: No module named 'hyperx.core.cx_router'
2025-10-12 21:40:08,533 [[36mDEBUG[0m[0m[0m] hx-autodiscover (autodiscover.py:47) :: [HyperX autodiscover] Imported hyperx.core.hx_status
2025-10-12 21:41:06,996 [[32mINFO[0m[0m[0m] hx-autodiscover (autodiscover.py:7) :: hx-autodiscover initialized
2025-10-12 21:41:07,032 [[32mINFO[0m[0m[0m] hx-autodiscover (autodiscover.py:30) :: [HyperX autodiscover] No base packages provided, using defaults: ['hyperx.templatetags', 'hyperx.hyperx_elements', 'hyperx.core']
2025-10-12 21:41:07,032 [[36mDEBUG[0m[0m[0m] hx-autodiscover (autodiscover.py:39) :: [HyperX autodiscover] Scanning hyperx.templatetags...
2025-10-12 21:41:07,032 [[32mINFO[0m[0m[0m] hx-autodiscover (autodiscover.py:7) :: hx-autodiscover initialized
2025-10-12 21:41:07,032 [[36mDEBUG[0m[0m[0m] hx-autodiscover (autodiscover.py:47) :: [HyperX autodiscover] Imported hyperx.templatetags.autodiscover
2025-10-12 21:41:07,033 [[36mDEBUG[0m[0m[0m] hx-autodiscover (autodiscover.py:47) :: [HyperX autodiscover] Imported hyperx.templatetags.hyperx
2025-10-12 21:41:07,033 [[36mDEBUG[0m[0m[0m] hx-autodiscover (autodiscover.py:47) :: [HyperX autodiscover] Imported hyperx.templatetags.hyperx_elements
2025-10-12 21:41:07,033 [[33mWARNING[0m[0m[0m] hx-autodiscover (autodiscover.py:41) :: [HyperX autodiscover] Module not found: hyperx.hyperx_elements
2025-10-12 21:41:07,033 [[36mDEBUG[0m[0m[0m] hx-autodiscover (autodiscover.py:39) :: [HyperX autodiscover] Scanning hyperx.core...
2025-10-12 21:41:07,033 [[36mDEBUG[0m[0m[0m] hx-autodiscover (autodiscover.py:47) :: [HyperX autodiscover] Imported hyperx.core.crypto_hxjs
2025-10-12 21:41:07,033 [[33mWARNING[0m[0m[0m] hx-autodiscover (autodiscover.py:49) :: [HyperX autodiscover] Failed hyperx.core.cx_router_test: No module named 'hyperx.core.cx_router'
2025-10-12 21:41:07,033 [[36mDEBUG[0m[0m[0m] hx-autodiscover (autodiscover.py:47) :: [HyperX autodiscover] Imported hyperx.core.hx_status
2025-10-12 21:43:37,395 [[32mINFO[0m[0m[0m] hx-autodiscover (autodiscover.py:7) :: hx-autodiscover initialized
2025-10-12 21:43:37,431 [[32mINFO[0m[0m[0m] hx-autodiscover (autodiscover.py:30) :: [HyperX autodiscover] No base packages provided, using defaults: ['hyperx.templatetags', 'hyperx.hyperx_elements', 'hyperx.core']
2025-10-12 21:43:37,431 [[36mDEBUG[0m[0m[0m] hx-autodiscover (autodiscover.py:39) :: [HyperX autodiscover] Scanning hyperx.templatetags...
2025-10-12 21:43:37,431 [[32mINFO[0m[0m[0m] hx-autodiscover (autodiscover.py:7) :: hx-autodiscover initialized
2025-10-12 21:43:37,431 [[36mDEBUG[0m[0m[0m] hx-autodiscover (autodiscover.py:47) :: [HyperX autodiscover] Imported hyperx.templatetags.autodiscover
2025-10-12 21:43:37,431 [[36mDEBUG[0m[0m[0m] hx-autodiscover (autodiscover.py:47) :: [HyperX autodiscover] Imported hyperx.templatetags.hyperx
2025-10-12 21:43:37,431 [[36mDEBUG[0m[0m[0m] hx-autodiscover (autodiscover.py:47) :: [HyperX autodiscover] Imported hyperx.templatetags.hyperx_elements
2025-10-12 21:43:37,431 [[33mWARNING[0m[0m[0m] hx-autodiscover (autodiscover.py:41) :: [HyperX autodiscover] Module not found: hyperx.hyperx_elements
2025-10-12 21:43:37,431 [[36mDEBUG[0m[0m[0m] hx-autodiscover (autodiscover.py:39) :: [HyperX autodiscover] Scanning hyperx.core...
2025-10-12 21:43:37,432 [[36mDEBUG[0m[0m[0m] hx-autodiscover (autodiscover.py:47) :: [HyperX autodiscover] Imported hyperx.core.crypto_hxjs
2025-10-12 21:43:37,432 [[33mWARNING[0m[0m[0m] hx-autodiscover (autodiscover.py:49) :: [HyperX autodiscover] Failed hyperx.core.cx_router_test: No module named 'hyperx.core.cx_router'
2025-10-12 21:43:37,432 [[36mDEBUG[0m[0m[0m] hx-autodiscover (autodiscover.py:47) :: [HyperX autodiscover] Imported hyperx.core.hx_status
2025-10-12 21:53:27,165 [[32mINFO[0m[0m[0m] hx-autodiscover (autodiscover.py:7) :: hx-autodiscover initialized
2025-10-12 21:53:27,202 [[32mINFO[0m[0m[0m] hx-autodiscover (autodiscover.py:30) :: [HyperX autodiscover] No base packages provided, using defaults: ['hyperx.templatetags', 'hyperx.hyperx_elements', 'hyperx.core']
2025-10-12 21:53:27,202 [[36mDEBUG[0m[0m[0m] hx-autodiscover (autodiscover.py:39) :: [HyperX autodiscover] Scanning hyperx.templatetags...
2025-10-12 21:53:27,203 [[32mINFO[0m[0m[0m] hx-autodiscover (autodiscover.py:7) :: hx-autodiscover initialized
2025-10-12 21:53:27,203 [[36mDEBUG[0m[0m[0m] hx-autodiscover (autodiscover.py:47) :: [HyperX autodiscover] Imported hyperx.templatetags.autodiscover
2025-10-12 21:53:27,203 [[36mDEBUG[0m[0m[0m] hx-autodiscover (autodiscover.py:47) :: [HyperX autodiscover] Imported hyperx.templatetags.hyperx
2025-10-12 21:53:27,203 [[36mDEBUG[0m[0m[0m] hx-autodiscover (autodiscover.py:47) :: [HyperX autodiscover] Imported hyperx.templatetags.hyperx_elements
2025-10-12 21:53:27,203 [[33mWARNING[0m[0m[0m] hx-autodiscover (autodiscover.py:41) :: [HyperX autodiscover] Module not found: hyperx.hyperx_elements
2025-10-12 21:53:27,203 [[36mDEBUG[0m[0m[0m] hx-autodiscover (autodiscover.py:39) :: [HyperX autodiscover] Scanning hyperx.core...
2025-10-12 21:53:27,203 [[36mDEBUG[0m[0m[0m] hx-autodiscover (autodiscover.py:47) :: [HyperX autodiscover] Imported hyperx.core.crypto_hxjs
2025-10-12 21:53:27,203 [[33mWARNING[0m[0m[0m] hx-autodiscover (autodiscover.py:49) :: [HyperX autodiscover] Failed hyperx.core.cx_router_test: No module named 'hyperx.core.cx_router'
2025-10-12 21:53:27,203 [[36mDEBUG[0m[0m[0m] hx-autodiscover (autodiscover.py:47) :: [HyperX autodiscover] Imported hyperx.core.hx_status
2025-10-12 21:54:08,885 [[32mINFO[0m[0m[0m] hx-autodiscover (autodiscover.py:7) :: hx-autodiscover initialized
2025-10-12 21:54:08,921 [[32mINFO[0m[0m[0m] hx-autodiscover (autodiscover.py:30) :: [HyperX autodiscover] No base packages provided, using defaults: ['hyperx.templatetags', 'hyperx.hyperx_elements', 'hyperx.core']
2025-10-12 21:54:08,921 [[36mDEBUG[0m[0m[0m] hx-autodiscover (autodiscover.py:39) :: [HyperX autodiscover] Scanning hyperx.templatetags...
2025-10-12 21:54:08,922 [[32mINFO[0m[0m[0m] hx-autodiscover (autodiscover.py:7) :: hx-autodiscover initialized
2025-10-12 21:54:08,922 [[36mDEBUG[0m[0m[0m] hx-autodiscover (autodiscover.py:47) :: [HyperX autodiscover] Imported hyperx.templatetags.autodiscover
2025-10-12 21:54:08,922 [[36mDEBUG[0m[0m[0m] hx-autodiscover (autodiscover.py:47) :: [HyperX autodiscover] Imported hyperx.templatetags.hyperx
2025-10-12 21:54:08,922 [[36mDEBUG[0m[0m[0m] hx-autodiscover (autodiscover.py:47) :: [HyperX autodiscover] Imported hyperx.templatetags.hyperx_elements
2025-10-12 21:54:08,922 [[33mWARNING[0m[0m[0m] hx-autodiscover (autodiscover.py:41) :: [HyperX autodiscover] Module not found: hyperx.hyperx_elements
2025-10-12 21:54:08,922 [[36mDEBUG[0m[0m[0m] hx-autodiscover (autodiscover.py:39) :: [HyperX autodiscover] Scanning hyperx.core...
2025-10-12 21:54:08,922 [[36mDEBUG[0m[0m[0m] hx-autodiscover (autodiscover.py:47) :: [HyperX autodiscover] Imported hyperx.core.crypto_hxjs
2025-10-12 21:54:08,922 [[33mWARNING[0m[0m[0m] hx-autodiscover (autodiscover.py:49) :: [HyperX autodiscover] Failed hyperx.core.cx_router_test: No module named 'hyperx.core.cx_router'
2025-10-12 21:54:08,922 [[36mDEBUG[0m[0m[0m] hx-autodiscover (autodiscover.py:47) :: [HyperX autodiscover] Imported hyperx.core.hx_status
2025-10-12 21:55:29,350 [[32mINFO[0m[0m[0m] hx-autodiscover (autodiscover.py:7) :: hx-autodiscover initialized
2025-10-12 21:55:29,390 [[32mINFO[0m[0m[0m] hx-autodiscover (autodiscover.py:30) :: [HyperX autodiscover] No base packages provided, using defaults: ['hyperx.templatetags', 'hyperx.hyperx_elements', 'hyperx.core']
2025-10-12 21:55:29,390 [[36mDEBUG[0m[0m[0m] hx-autodiscover (autodiscover.py:39) :: [HyperX autodiscover] Scanning hyperx.templatetags...
2025-10-12 21:55:29,391 [[32mINFO[0m[0m[0m] hx-autodiscover (autodiscover.py:7) :: hx-autodiscover initialized
2025-10-12 21:55:29,391 [[36mDEBUG[0m[0m[0m] hx-autodiscover (autodiscover.py:47) :: [HyperX autodiscover] Imported hyperx.templatetags.autodiscover
2025-10-12 21:55:29,391 [[36mDEBUG[0m[0m[0m] hx-autodiscover (autodiscover.py:47) :: [HyperX autodiscover] Imported hyperx.templatetags.hyperx
2025-10-12 21:55:29,391 [[36mDEBUG[0m[0m[0m] hx-autodiscover (autodiscover.py:47) :: [HyperX autodiscover] Imported hyperx.templatetags.hyperx_elements
2025-10-12 21:55:29,391 [[33mWARNING[0m[0m[0m] hx-autodiscover (autodiscover.py:41) :: [HyperX autodiscover] Module not found: hyperx.hyperx_elements
2025-10-12 21:55:29,391 [[36mDEBUG[0m[0m[0m] hx-autodiscover (autodiscover.py:39) :: [HyperX autodiscover] Scanning hyperx.core...
2025-10-12 21:55:29,391 [[36mDEBUG[0m[0m[0m] hx-autodiscover (autodiscover.py:47) :: [HyperX autodiscover] Imported hyperx.core.crypto_hxjs
2025-10-12 21:55:29,392 [[33mWARNING[0m[0m[0m] hx-autodiscover (autodiscover.py:49) :: [HyperX autodiscover] Failed hyperx.core.cx_router_test: No module named 'hyperx.core.cx_router'
2025-10-12 21:55:29,392 [[36mDEBUG[0m[0m[0m] hx-autodiscover (autodiscover.py:47) :: [HyperX autodiscover] Imported hyperx.core.hx_status
2025-10-12 21:56:21,469 [[32mINFO[0m[0m[0m] hx-autodiscover (autodiscover.py:7) :: hx-autodiscover initialized
2025-10-12 21:56:21,505 [[32mINFO[0m[0m[0m] hx-autodiscover (autodiscover.py:30) :: [HyperX autodiscover] No base packages provided, using defaults: ['hyperx.templatetags', 'hyperx.hyperx_elements', 'hyperx.core']
2025-10-12 21:56:21,505 [[36mDEBUG[0m[0m[0m] hx-autodiscover (autodiscover.py:39) :: [HyperX autodiscover] Scanning hyperx.templatetags...
2025-10-12 21:56:21,505 [[32mINFO[0m[0m[0m] hx-autodiscover (autodiscover.py:7) :: hx-autodiscover initialized
2025-10-12 21:56:21,505 [[36mDEBUG[0m[0m[0m] hx-autodiscover (autodiscover.py:47) :: [HyperX autodiscover] Imported hyperx.templatetags.autodiscover
2025-10-12 21:56:21,506 [[36mDEBUG[0m[0m[0m] hx-autodiscover (autodiscover.py:47) :: [HyperX autodiscover] Imported hyperx.templatetags.hyperx
2025-10-12 21:56:21,506 [[36mDEBUG[0m[0m[0m] hx-autodiscover (autodiscover.py:47) :: [HyperX autodiscover] Imported hyperx.templatetags.hyperx_elements
2025-10-12 21:56:21,506 [[33mWARNING[0m[0m[0m] hx-autodiscover (autodiscover.py:41) :: [HyperX autodiscover] Module not found: hyperx.hyperx_elements
2025-10-12 21:56:21,506 [[36mDEBUG[0m[0m[0m] hx-autodiscover (autodiscover.py:39) :: [HyperX autodiscover] Scanning hyperx.core...
2025-10-12 21:56:21,506 [[36mDEBUG[0m[0m[0m] hx-autodiscover (autodiscover.py:47) :: [HyperX autodiscover] Imported hyperx.core.crypto_hxjs
2025-10-12 21:56:21,506 [[33mWARNING[0m[0m[0m] hx-autodiscover (autodiscover.py:49) :: [HyperX autodiscover] Failed hyperx.core.cx_router_test: No module named 'hyperx.core.cx_router'
2025-10-12 21:56:21,506 [[36mDEBUG[0m[0m[0m] hx-autodiscover (autodiscover.py:47) :: [HyperX autodiscover] Imported hyperx.core.hx_status
2025-10-12 21:57:47,688 [[32mINFO[0m[0m[0m] hx-autodiscover (autodiscover.py:7) :: hx-autodiscover initialized
2025-10-12 21:57:47,723 [[33mWARNING[0m[0m[0m] hx-autodiscover (autodiscover.py:26) :: [HyperX autodiscover] No path provided, using default
2025-10-12 21:57:47,723 [[32mINFO[0m[0m[0m] hx-autodiscover (autodiscover.py:30) :: [HyperX autodiscover] No base packages provided, using defaults: ['hyperx.templatetags', 'hyperx.hyperx_elements', 'hyperx.core']
2025-10-12 21:57:47,723 [[36mDEBUG[0m[0m[0m] hx-autodiscover (autodiscover.py:39) :: [HyperX autodiscover] Scanning hyperx.templatetags...
2025-10-12 21:57:47,724 [[32mINFO[0m[0m[0m] hx-autodiscover (autodiscover.py:7) :: hx-autodiscover initialized
2025-10-12 21:57:47,724 [[36mDEBUG[0m[0m[0m] hx-autodiscover (autodiscover.py:47) :: [HyperX autodiscover] Imported hyperx.templatetags.autodiscover
2025-10-12 21:57:47,724 [[36mDEBUG[0m[0m[0m] hx-autodiscover (autodiscover.py:47) :: [HyperX autodiscover] Imported hyperx.templatetags.hyperx
2025-10-12 21:57:47,724 [[36mDEBUG[0m[0m[0m] hx-autodiscover (autodiscover.py:47) :: [HyperX autodiscover] Imported hyperx.templatetags.hyperx_elements
2025-10-12 21:57:47,724 [[33mWARNING[0m[0m[0m] hx-autodiscover (autodiscover.py:41) :: [HyperX autodiscover] Module not found: hyperx.hyperx_elements
2025-10-12 21:57:47,724 [[36mDEBUG[0m[0m[0m] hx-autodiscover (autodiscover.py:39) :: [HyperX autodiscover] Scanning hyperx.core...
2025-10-12 21:57:47,724 [[36mDEBUG[0m[0m[0m] hx-autodiscover (autodiscover.py:47) :: [HyperX autodiscover] Imported hyperx.core.crypto_hxjs
2025-10-12 21:57:47,724 [[33mWARNING[0m[0m[0m] hx-autodiscover (autodiscover.py:49) :: [HyperX autodiscover] Failed hyperx.core.cx_router_test: No module named 'hyperx.core.cx_router'
2025-10-12 21:57:47,724 [[36mDEBUG[0m[0m[0m] hx-autodiscover (autodiscover.py:47) :: [HyperX autodiscover] Imported hyperx.core.hx_status
2025-10-12 21:58:36,466 [[32mINFO[0m[0m[0m] hx-autodiscover (autodiscover.py:7) :: hx-autodiscover initialized
2025-10-12 21:58:36,503 [[33mWARNING[0m[0m[0m] hx-autodiscover (autodiscover.py:26) :: [HyperX autodiscover] No path provided, using default
2025-10-12 21:58:36,503 [[32mINFO[0m[0m[0m] hx-autodiscover (autodiscover.py:30) :: [HyperX autodiscover] No base packages provided, using defaults: ['hyperx.templatetags', 'hyperx.hyperx_elements', 'hyperx.core']
2025-10-12 21:58:36,503 [[36mDEBUG[0m[0m[0m] hx-autodiscover (autodiscover.py:39) :: [HyperX autodiscover] Scanning hyperx.templatetags...
2025-10-12 21:58:36,503 [[32mINFO[0m[0m[0m] hx-autodiscover (autodiscover.py:7) :: hx-autodiscover initialized
2025-10-12 21:58:36,503 [[36mDEBUG[0m[0m[0m] hx-autodiscover (autodiscover.py:47) :: [HyperX autodiscover] Imported hyperx.templatetags.autodiscover
2025-10-12 21:58:36,504 [[36mDEBUG[0m[0m[0m] hx-autodiscover (autodiscover.py:47) :: [HyperX autodiscover] Imported hyperx.templatetags.hyperx
2025-10-12 21:58:36,504 [[36mDEBUG[0m[0m[0m] hx-autodiscover (autodiscover.py:47) :: [HyperX autodiscover] Imported hyperx.templatetags.hyperx_elements
2025-10-12 21:58:36,504 [[33mWARNING[0m[0m[0m] hx-autodiscover (autodiscover.py:41) :: [HyperX autodiscover] Module not found: hyperx.hyperx_elements
2025-10-12 21:58:36,504 [[36mDEBUG[0m[0m[0m] hx-autodiscover (autodiscover.py:39) :: [HyperX autodiscover] Scanning hyperx.core...
2025-10-12 21:58:36,504 [[36mDEBUG[0m[0m[0m] hx-autodiscover (autodiscover.py:47) :: [HyperX autodiscover] Imported hyperx.core.crypto_hxjs
2025-10-12 21:58:36,504 [[33mWARNING[0m[0m[0m] hx-autodiscover (autodiscover.py:49) :: [HyperX autodiscover] Failed hyperx.core.cx_router_test: No module named 'hyperx.core.cx_router'
2025-10-12 21:58:36,504 [[36mDEBUG[0m[0m[0m] hx-autodiscover (autodiscover.py:47) :: [HyperX autodiscover] Imported hyperx.core.hx_status
2025-10-12 21:59:00,554 [[32mINFO[0m[0m[0m] hx-autodiscover (autodiscover.py:7) :: hx-autodiscover initialized
2025-10-12 21:59:00,594 [[33mWARNING[0m[0m[0m] hx-autodiscover (autodiscover.py:26) :: [HyperX autodiscover] No path provided, using default
2025-10-12 21:59:00,594 [[32mINFO[0m[0m[0m] hx-autodiscover (autodiscover.py:30) :: [HyperX autodiscover] No base packages provided, using defaults: ['hyperx.templatetags', 'hyperx.hyperx_elements', 'hyperx.core']
2025-10-12 21:59:00,594 [[36mDEBUG[0m[0m[0m] hx-autodiscover (autodiscover.py:39) :: [HyperX autodiscover] Scanning hyperx.templatetags...
2025-10-12 21:59:00,594 [[32mINFO[0m[0m[0m] hx-autodiscover (autodiscover.py:7) :: hx-autodiscover initialized
2025-10-12 21:59:00,594 [[36mDEBUG[0m[0m[0m] hx-autodiscover (autodiscover.py:47) :: [HyperX autodiscover] Imported hyperx.templatetags.autodiscover
2025-10-12 21:59:00,594 [[36mDEBUG[0m[0m[0m] hx-autodiscover (autodiscover.py:47) :: [HyperX autodiscover] Imported hyperx.templatetags.hyperx
2025-10-12 21:59:00,594 [[36mDEBUG[0m[0m[0m] hx-autodiscover (autodiscover.py:47) :: [HyperX autodiscover] Imported hyperx.templatetags.hyperx_elements
2025-10-12 21:59:00,594 [[33mWARNING[0m[0m[0m] hx-autodiscover (autodiscover.py:41) :: [HyperX autodiscover] Module not found: hyperx.hyperx_elements
2025-10-12 21:59:00,594 [[36mDEBUG[0m[0m[0m] hx-autodiscover (autodiscover.py:39) :: [HyperX autodiscover] Scanning hyperx.core...
2025-10-12 21:59:00,594 [[36mDEBUG[0m[0m[0m] hx-autodiscover (autodiscover.py:47) :: [HyperX autodiscover] Imported hyperx.core.crypto_hxjs
2025-10-12 21:59:00,594 [[33mWARNING[0m[0m[0m] hx-autodiscover (autodiscover.py:49) :: [HyperX autodiscover] Failed hyperx.core.cx_router_test: No module named 'hyperx.core.cx_router'
2025-10-12 21:59:00,595 [[36mDEBUG[0m[0m[0m] hx-autodiscover (autodiscover.py:47) :: [HyperX autodiscover] Imported hyperx.core.hx_status
2025-10-12 22:00:55,258 [[32mINFO[0m[0m[0m] hx-autodiscover (autodiscover.py:7) :: hx-autodiscover initialized
2025-10-12 22:00:55,294 [[33mWARNING[0m[0m[0m] hx-autodiscover (autodiscover.py:26) :: [HyperX autodiscover] No path provided, using default
2025-10-12 22:00:55,294 [[32mINFO[0m[0m[0m] hx-autodiscover (autodiscover.py:30) :: [HyperX autodiscover] No base packages provided, using defaults: ['hyperx.templatetags', 'hyperx.hyperx_elements', 'hyperx.core']
2025-10-12 22:00:55,294 [[36mDEBUG[0m[0m[0m] hx-autodiscover (autodiscover.py:39) :: [HyperX autodiscover] Scanning hyperx.templatetags...
2025-10-12 22:00:55,295 [[32mINFO[0m[0m[0m] hx-autodiscover (autodiscover.py:7) :: hx-autodiscover initialized
2025-10-12 22:00:55,295 [[36mDEBUG[0m[0m[0m] hx-autodiscover (autodiscover.py:47) :: [HyperX autodiscover] Imported hyperx.templatetags.autodiscover
2025-10-12 22:00:55,295 [[36mDEBUG[0m[0m[0m] hx-autodiscover (autodiscover.py:47) :: [HyperX autodiscover] Imported hyperx.templatetags.hyperx
2025-10-12 22:00:55,295 [[36mDEBUG[0m[0m[0m] hx-autodiscover (autodiscover.py:47) :: [HyperX autodiscover] Imported hyperx.templatetags.hyperx_elements
2025-10-12 22:00:55,295 [[33mWARNING[0m[0m[0m] hx-autodiscover (autodiscover.py:41) :: [HyperX autodiscover] Module not found: hyperx.hyperx_elements
2025-10-12 22:00:55,295 [[36mDEBUG[0m[0m[0m] hx-autodiscover (autodiscover.py:39) :: [HyperX autodiscover] Scanning hyperx.core...
2025-10-12 22:00:55,295 [[36mDEBUG[0m[0m[0m] hx-autodiscover (autodiscover.py:47) :: [HyperX autodiscover] Imported hyperx.core.crypto_hxjs
2025-10-12 22:00:55,295 [[33mWARNING[0m[0m[0m] hx-autodiscover (autodiscover.py:49) :: [HyperX autodiscover] Failed hyperx.core.cx_router_test: No module named 'hyperx.core.cx_router'
2025-10-12 22:00:55,296 [[36mDEBUG[0m[0m[0m] hx-autodiscover (autodiscover.py:47) :: [HyperX autodiscover] Imported hyperx.core.hx_status
2025-10-12 22:02:27,198 [[32mINFO[0m[0m[0m] hx-autodiscover (autodiscover.py:7) :: hx-autodiscover initialized
2025-10-12 22:02:27,235 [[33mWARNING[0m[0m[0m] hx-autodiscover (autodiscover.py:26) :: [HyperX autodiscover] No path provided, using default
2025-10-12 22:02:27,235 [[32mINFO[0m[0m[0m] hx-autodiscover (autodiscover.py:30) :: [HyperX autodiscover] No base packages provided, using defaults: ['hyperx.templatetags', 'hyperx.hyperx_elements', 'hyperx.core']
2025-10-12 22:02:27,235 [[36mDEBUG[0m[0m[0m] hx-autodiscover (autodiscover.py:39) :: [HyperX autodiscover] Scanning hyperx.templatetags...
2025-10-12 22:02:27,235 [[32mINFO[0m[0m[0m] hx-autodiscover (autodiscover.py:7) :: hx-autodiscover initialized
2025-10-12 22:02:27,235 [[36mDEBUG[0m[0m[0m] hx-autodiscover (autodiscover.py:47) :: [HyperX autodiscover] Imported hyperx.templatetags.autodiscover
2025-10-12 22:02:27,235 [[36mDEBUG[0m[0m[0m] hx-autodiscover (autodiscover.py:47) :: [HyperX autodiscover] Imported hyperx.templatetags.hyperx
2025-10-12 22:02:27,235 [[36mDEBUG[0m[0m[0m] hx-autodiscover (autodiscover.py:47) :: [HyperX autodiscover] Imported hyperx.templatetags.hyperx_elements
2025-10-12 22:02:27,235 [[33mWARNING[0m[0m[0m] hx-autodiscover (autodiscover.py:41) :: [HyperX autodiscover] Module not found: hyperx.hyperx_elements
2025-10-12 22:02:27,235 [[36mDEBUG[0m[0m[0m] hx-autodiscover (autodiscover.py:39) :: [HyperX autodiscover] Scanning hyperx.core...
2025-10-12 22:02:27,235 [[36mDEBUG[0m[0m[0m] hx-autodiscover (autodiscover.py:47) :: [HyperX autodiscover] Imported hyperx.core.crypto_hxjs
2025-10-12 22:02:27,235 [[33mWARNING[0m[0m[0m] hx-autodiscover (autodiscover.py:49) :: [HyperX autodiscover] Failed hyperx.core.cx_router_test: No module named 'hyperx.core.cx_router'
2025-10-12 22:02:27,236 [[36mDEBUG[0m[0m[0m] hx-autodiscover (autodiscover.py:47) :: [HyperX autodiscover] Imported hyperx.core.hx_status
2025-10-12 22:02:42,809 [[32mINFO[0m[0m[0m] hx-autodiscover (autodiscover.py:7) :: hx-autodiscover initialized
2025-10-12 22:02:42,845 [[33mWARNING[0m[0m[0m] hx-autodiscover (autodiscover.py:26) :: [HyperX autodiscover] No path provided, using default
2025-10-12 22:02:42,845 [[32mINFO[0m[0m[0m] hx-autodiscover (autodiscover.py:30) :: [HyperX autodiscover] No base packages provided, using defaults: ['hyperx.templatetags', 'hyperx.hyperx_elements', 'hyperx.core']
2025-10-12 22:02:42,845 [[36mDEBUG[0m[0m[0m] hx-autodiscover (autodiscover.py:39) :: [HyperX autodiscover] Scanning hyperx.templatetags...
2025-10-12 22:02:42,846 [[32mINFO[0m[0m[0m] hx-autodiscover (autodiscover.py:7) :: hx-autodiscover initialized
2025-10-12 22:02:42,846 [[36mDEBUG[0m[0m[0m] hx-autodiscover (autodiscover.py:47) :: [HyperX autodiscover] Imported hyperx.templatetags.autodiscover
2025-10-12 22:02:42,846 [[36mDEBUG[0m[0m[0m] hx-autodiscover (autodiscover.py:47) :: [HyperX autodiscover] Imported hyperx.templatetags.hyperx
2025-10-12 22:02:42,846 [[36mDEBUG[0m[0m[0m] hx-autodiscover (autodiscover.py:47) :: [HyperX autodiscover] Imported hyperx.templatetags.hyperx_elements
2025-10-12 22:02:42,846 [[33mWARNING[0m[0m[0m] hx-autodiscover (autodiscover.py:41) :: [HyperX autodiscover] Module not found: hyperx.hyperx_elements
2025-10-12 22:02:42,846 [[36mDEBUG[0m[0m[0m] hx-autodiscover (autodiscover.py:39) :: [HyperX autodiscover] Scanning hyperx.core...
2025-10-12 22:02:42,846 [[36mDEBUG[0m[0m[0m] hx-autodiscover (autodiscover.py:47) :: [HyperX autodiscover] Imported hyperx.core.crypto_hxjs
2025-10-12 22:02:42,846 [[33mWARNING[0m[0m[0m] hx-autodiscover (autodiscover.py:49) :: [HyperX autodiscover] Failed hyperx.core.cx_router_test: No module named 'hyperx.core.cx_router'
2025-10-12 22:02:42,846 [[36mDEBUG[0m[0m[0m] hx-autodiscover (autodiscover.py:47) :: [HyperX autodiscover] Imported hyperx.core.hx_status
2025-10-12 22:06:08,345 [[32mINFO[0m[0m[0m] hx-autodiscover (autodiscover.py:7) :: hx-autodiscover initialized
2025-10-12 22:06:08,381 [[33mWARNING[0m[0m[0m] hx-autodiscover (autodiscover.py:26) :: [HyperX autodiscover] No path provided, using default
2025-10-12 22:06:08,381 [[32mINFO[0m[0m[0m] hx-autodiscover (autodiscover.py:30) :: [HyperX autodiscover] No base packages provided, using defaults: ['hyperx.templatetags', 'hyperx.hyperx_elements', 'hyperx.core']
2025-10-12 22:06:08,381 [[36mDEBUG[0m[0m[0m] hx-autodiscover (autodiscover.py:39) :: [HyperX autodiscover] Scanning hyperx.templatetags...
2025-10-12 22:06:08,382 [[32mINFO[0m[0m[0m] hx-autodiscover (autodiscover.py:11) :: hx-autodiscover initialized
2025-10-12 22:06:08,382 [[36mDEBUG[0m[0m[0m] hx-autodiscover (autodiscover.py:47) :: [HyperX autodiscover] Imported hyperx.templatetags.autodiscover
2025-10-12 22:06:08,382 [[36mDEBUG[0m[0m[0m] hx-autodiscover (autodiscover.py:47) :: [HyperX autodiscover] Imported hyperx.templatetags.hyperx
2025-10-12 22:06:08,382 [[36mDEBUG[0m[0m[0m] hx-autodiscover (autodiscover.py:47) :: [HyperX autodiscover] Imported hyperx.templatetags.hyperx_elements
2025-10-12 22:06:08,382 [[33mWARNING[0m[0m[0m] hx-autodiscover (autodiscover.py:41) :: [HyperX autodiscover] Module not found: hyperx.hyperx_elements
2025-10-12 22:06:08,382 [[36mDEBUG[0m[0m[0m] hx-autodiscover (autodiscover.py:39) :: [HyperX autodiscover] Scanning hyperx.core...
2025-10-12 22:06:08,382 [[36mDEBUG[0m[0m[0m] hx-autodiscover (autodiscover.py:47) :: [HyperX autodiscover] Imported hyperx.core.crypto_hxjs
2025-10-12 22:06:08,382 [[33mWARNING[0m[0m[0m] hx-autodiscover (autodiscover.py:49) :: [HyperX autodiscover] Failed hyperx.core.cx_router_test: No module named 'hyperx.core.cx_router'
2025-10-12 22:06:08,383 [[36mDEBUG[0m[0m[0m] hx-autodiscover (autodiscover.py:47) :: [HyperX autodiscover] Imported hyperx.core.hx_status
2025-10-12 22:07:05,499 [[32mINFO[0m[0m[0m] hx-autodiscover (autodiscover.py:11) :: hx-autodiscover initialized
2025-10-12 22:07:05,536 [[32mINFO[0m[0m[0m] hx-autodiscover (autodiscover.py:28) :: [HyperX autodiscover] No base packages provided, using defaults: ['hyperx.templatetags', 'hyperx.templatetags.hyperx_elements', 'hyperx.core.hx']
2025-10-12 22:07:05,536 [[36mDEBUG[0m[0m[0m] hx-autodiscover (autodiscover.py:37) :: [HyperX autodiscover] Scanning hyperx.templatetags...
2025-10-12 22:07:05,536 [[32mINFO[0m[0m[0m] hx-autodiscover (autodiscover.py:11) :: hx-autodiscover initialized
2025-10-12 22:07:05,536 [[36mDEBUG[0m[0m[0m] hx-autodiscover (autodiscover.py:46) :: [HyperX autodiscover] Imported hyperx.templatetags.autodiscover
2025-10-12 22:07:05,536 [[36mDEBUG[0m[0m[0m] hx-autodiscover (autodiscover.py:46) :: [HyperX autodiscover] Imported hyperx.templatetags.hyperx
2025-10-12 22:07:05,536 [[36mDEBUG[0m[0m[0m] hx-autodiscover (autodiscover.py:46) :: [HyperX autodiscover] Imported hyperx.templatetags.hyperx_elements
2025-10-12 22:07:05,536 [[36mDEBUG[0m[0m[0m] hx-autodiscover (autodiscover.py:37) :: [HyperX autodiscover] Scanning hyperx.templatetags.hyperx_elements...
2025-10-12 22:07:05,536 [[33mWARNING[0m[0m[0m] hx-autodiscover (autodiscover.py:48) :: [HyperX autodiscover] Failed hyperx.templatetags.hyperx_elements._js: unexpected indent (_js.py, line 1)
2025-10-12 22:07:05,536 [[33mWARNING[0m[0m[0m] hx-autodiscover (autodiscover.py:48) :: [HyperX autodiscover] Failed hyperx.templatetags.hyperx_elements.aichat2: cannot import name 'register_hx_tag' from partially initialized module 'hyperx.templatetags.hyperx' (most likely due to a circular import) (/home/faron/Public/gits/hyperx-htmx/hyperx/templatetags/hyperx.py)
2025-10-12 22:07:05,537 [[33mWARNING[0m[0m[0m] hx-autodiscover (autodiscover.py:48) :: [HyperX autodiscover] Failed hyperx.templatetags.hyperx_elements.alert: unterminated triple-quoted string literal (detected at line 45) (alert.py, line 45)
2025-10-12 22:07:05,537 [[33mWARNING[0m[0m[0m] hx-autodiscover (autodiscover.py:48) :: [HyperX autodiscover] Failed hyperx.templatetags.hyperx_elements.badge: unexpected indent (badge.py, line 1)
2025-10-12 22:07:05,537 [[33mWARNING[0m[0m[0m] hx-autodiscover (autodiscover.py:48) :: [HyperX autodiscover] Failed hyperx.templatetags.hyperx_elements.bs_card: cannot import name 'register_hx_tag' from partially initialized module 'hyperx.templatetags.hyperx' (most likely due to a circular import) (/home/faron/Public/gits/hyperx-htmx/hyperx/templatetags/hyperx.py)
2025-10-12 22:07:05,537 [[33mWARNING[0m[0m[0m] hx-autodiscover (autodiscover.py:48) :: [HyperX autodiscover] Failed hyperx.templatetags.hyperx_elements.button: cannot import name 'register_hx_tag' from partially initialized module 'hyperx.templatetags.hyperx' (most likely due to a circular import) (/home/faron/Public/gits/hyperx-htmx/hyperx/templatetags/hyperx.py)
2025-10-12 22:07:05,537 [[33mWARNING[0m[0m[0m] hx-autodiscover (autodiscover.py:48) :: [HyperX autodiscover] Failed hyperx.templatetags.hyperx_elements.chart: unexpected indent (chart.py, line 2)
2025-10-12 22:07:05,537 [[33mWARNING[0m[0m[0m] hx-autodiscover (autodiscover.py:48) :: [HyperX autodiscover] Failed hyperx.templatetags.hyperx_elements.chat: cannot import name 'register_hx_tag' from partially initialized module 'hyperx.templatetags.hyperx' (most likely due to a circular import) (/home/faron/Public/gits/hyperx-htmx/hyperx/templatetags/hyperx.py)
2025-10-12 22:07:05,538 [[33mWARNING[0m[0m[0m] hx-autodiscover (autodiscover.py:48) :: [HyperX autodiscover] Failed hyperx.templatetags.hyperx_elements.crud: cannot import name 'register_hx_tag' from partially initialized module 'hyperx.templatetags.hyperx' (most likely due to a circular import) (/home/faron/Public/gits/hyperx-htmx/hyperx/templatetags/hyperx.py)
2025-10-12 22:07:05,538 [[33mWARNING[0m[0m[0m] hx-autodiscover (autodiscover.py:48) :: [HyperX autodiscover] Failed hyperx.templatetags.hyperx_elements.div: cannot import name 'register_hx_tag' from partially initialized module 'hyperx.templatetags.hyperx' (most likely due to a circular import) (/home/faron/Public/gits/hyperx-htmx/hyperx/templatetags/hyperx.py)
2025-10-12 22:07:05,538 [[33mWARNING[0m[0m[0m] hx-autodiscover (autodiscover.py:48) :: [HyperX autodiscover] Failed hyperx.templatetags.hyperx_elements.field: unexpected indent (field.py, line 1)
2025-10-12 22:07:05,538 [[33mWARNING[0m[0m[0m] hx-autodiscover (autodiscover.py:48) :: [HyperX autodiscover] Failed hyperx.templatetags.hyperx_elements.form: unexpected indent (form.py, line 1)
2025-10-12 22:07:05,538 [[33mWARNING[0m[0m[0m] hx-autodiscover (autodiscover.py:48) :: [HyperX autodiscover] Failed hyperx.templatetags.hyperx_elements.fucntion_loop_css_imports: cannot import name 'register_hx_tag' from partially initialized module 'hyperx.templatetags.hyperx' (most likely due to a circular import) (/home/faron/Public/gits/hyperx-htmx/hyperx/templatetags/hyperx.py)
2025-10-12 22:07:05,539 [[33mWARNING[0m[0m[0m] hx-autodiscover (autodiscover.py:48) :: [HyperX autodiscover] Failed hyperx.templatetags.hyperx_elements.fucntion_loop_hxjs_imports: invalid syntax (fucntion_loop_hxjs_imports.py, line 26)
2025-10-12 22:07:05,539 [[33mWARNING[0m[0m[0m] hx-autodiscover (autodiscover.py:48) :: [HyperX autodiscover] Failed hyperx.templatetags.hyperx_elements.fucntion_loop_js_imports: cannot import name 'register_hx_tag' from partially initialized module 'hyperx.templatetags.hyperx' (most likely due to a circular import) (/home/faron/Public/gits/hyperx-htmx/hyperx/templatetags/hyperx.py)
2025-10-12 22:07:05,539 [[33mWARNING[0m[0m[0m] hx-autodiscover (autodiscover.py:48) :: [HyperX autodiscover] Failed hyperx.templatetags.hyperx_elements.function_form_submit: cannot import name 'register_hx_tag' from partially initialized module 'hyperx.templatetags.hyperx' (most likely due to a circular import) (/home/faron/Public/gits/hyperx-htmx/hyperx/templatetags/hyperx.py)
2025-10-12 22:07:05,539 [[33mWARNING[0m[0m[0m] hx-autodiscover (autodiscover.py:48) :: [HyperX autodiscover] Failed hyperx.templatetags.hyperx_elements.generic: cannot import name 'register_hx_tag' from partially initialized module 'hyperx.templatetags.hyperx' (most likely due to a circular import) (/home/faron/Public/gits/hyperx-htmx/hyperx/templatetags/hyperx.py)
2025-10-12 22:07:05,539 [[33mWARNING[0m[0m[0m] hx-autodiscover (autodiscover.py:48) :: [HyperX autodiscover] Failed hyperx.templatetags.hyperx_elements.grid: unexpected indent (grid.py, line 1)
2025-10-12 22:07:05,540 [[33mWARNING[0m[0m[0m] hx-autodiscover (autodiscover.py:48) :: [HyperX autodiscover] Failed hyperx.templatetags.hyperx_elements.hx_import: cannot import name 'register_hx_tag' from partially initialized module 'hyperx.templatetags.hyperx' (most likely due to a circular import) (/home/faron/Public/gits/hyperx-htmx/hyperx/templatetags/hyperx.py)
2025-10-12 22:07:05,540 [[33mWARNING[0m[0m[0m] hx-autodiscover (autodiscover.py:48) :: [HyperX autodiscover] Failed hyperx.templatetags.hyperx_elements.input: cannot import name 'register_hx_tag' from partially initialized module 'hyperx.templatetags.hyperx' (most likely due to a circular import) (/home/faron/Public/gits/hyperx-htmx/hyperx/templatetags/hyperx.py)
2025-10-12 22:07:05,540 [[33mWARNING[0m[0m[0m] hx-autodiscover (autodiscover.py:48) :: [HyperX autodiscover] Failed hyperx.templatetags.hyperx_elements.jsc: 'return' outside function (jsc.py, line 127)
2025-10-12 22:07:05,540 [[33mWARNING[0m[0m[0m] hx-autodiscover (autodiscover.py:48) :: [HyperX autodiscover] Failed hyperx.templatetags.hyperx_elements.loader: cannot import name 'register_hx_tag' from partially initialized module 'hyperx.templatetags.hyperx' (most likely due to a circular import) (/home/faron/Public/gits/hyperx-htmx/hyperx/templatetags/hyperx.py)
2025-10-12 22:07:05,541 [[33mWARNING[0m[0m[0m] hx-autodiscover (autodiscover.py:48) :: [HyperX autodiscover] Failed hyperx.templatetags.hyperx_elements.login: cannot import name 'register_hx_tag' from partially initialized module 'hyperx.templatetags.hyperx' (most likely due to a circular import) (/home/faron/Public/gits/hyperx-htmx/hyperx/templatetags/hyperx.py)
2025-10-12 22:07:05,541 [[33mWARNING[0m[0m[0m] hx-autodiscover (autodiscover.py:48) :: [HyperX autodiscover] Failed hyperx.templatetags.hyperx_elements.meta: cannot import name 'register_hx_tag' from partially initialized module 'hyperx.templatetags.hyperx' (most likely due to a circular import) (/home/faron/Public/gits/hyperx-htmx/hyperx/templatetags/hyperx.py)
2025-10-12 22:07:05,541 [[33mWARNING[0m[0m[0m] hx-autodiscover (autodiscover.py:48) :: [HyperX autodiscover] Failed hyperx.templatetags.hyperx_elements.modal: cannot import name 'register_hx_tag' from partially initialized module 'hyperx.templatetags.hyperx' (most likely due to a circular import) (/home/faron/Public/gits/hyperx-htmx/hyperx/templatetags/hyperx.py)
2025-10-12 22:07:05,542 [[33mWARNING[0m[0m[0m] hx-autodiscover (autodiscover.py:48) :: [HyperX autodiscover] Failed hyperx.templatetags.hyperx_elements.pagination: cannot import name 'register_hx_tag' from partially initialized module 'hyperx.templatetags.hyperx' (most likely due to a circular import) (/home/faron/Public/gits/hyperx-htmx/hyperx/templatetags/hyperx.py)
2025-10-12 22:07:05,542 [[33mWARNING[0m[0m[0m] hx-autodiscover (autodiscover.py:48) :: [HyperX autodiscover] Failed hyperx.templatetags.hyperx_elements.panel: cannot import name 'register_hx_tag' from partially initialized module 'hyperx.templatetags.hyperx' (most likely due to a circular import) (/home/faron/Public/gits/hyperx-htmx/hyperx/templatetags/hyperx.py)
2025-10-12 22:07:05,542 [[33mWARNING[0m[0m[0m] hx-autodiscover (autodiscover.py:48) :: [HyperX autodiscover] Failed hyperx.templatetags.hyperx_elements.plaintable: cannot import name 'register_hx_tag' from partially initialized module 'hyperx.templatetags.hyperx' (most likely due to a circular import) (/home/faron/Public/gits/hyperx-htmx/hyperx/templatetags/hyperx.py)
2025-10-12 22:07:05,542 [[33mWARNING[0m[0m[0m] hx-autodiscover (autodiscover.py:48) :: [HyperX autodiscover] Failed hyperx.templatetags.hyperx_elements.poll: cannot import name 'register_hx_tag' from partially initialized module 'hyperx.templatetags.hyperx' (most likely due to a circular import) (/home/faron/Public/gits/hyperx-htmx/hyperx/templatetags/hyperx.py)
2025-10-12 22:07:05,542 [[33mWARNING[0m[0m[0m] hx-autodiscover (autodiscover.py:48) :: [HyperX autodiscover] Failed hyperx.templatetags.hyperx_elements.select: unexpected indent (select.py, line 1)
2025-10-12 22:07:05,543 [[33mWARNING[0m[0m[0m] hx-autodiscover (autodiscover.py:48) :: [HyperX autodiscover] Failed hyperx.templatetags.hyperx_elements.simpleform: cannot import name 'register_hx_tag' from partially initialized module 'hyperx.templatetags.hyperx' (most likely due to a circular import) (/home/faron/Public/gits/hyperx-htmx/hyperx/templatetags/hyperx.py)
2025-10-12 22:07:05,543 [[33mWARNING[0m[0m[0m] hx-autodiscover (autodiscover.py:48) :: [HyperX autodiscover] Failed hyperx.templatetags.hyperx_elements.tablecrudized: unexpected indent (tablecrudized.py, line 1)
2025-10-12 22:07:05,543 [[33mWARNING[0m[0m[0m] hx-autodiscover (autodiscover.py:48) :: [HyperX autodiscover] Failed hyperx.templatetags.hyperx_elements.toast: unexpected indent (toast.py, line 1)
2025-10-12 22:07:05,543 [[33mWARNING[0m[0m[0m] hx-autodiscover (autodiscover.py:48) :: [HyperX autodiscover] Failed hyperx.templatetags.hyperx_elements.upload: unexpected indent (upload.py, line 1)
2025-10-12 22:07:05,543 [[33mWARNING[0m[0m[0m] hx-autodiscover (autodiscover.py:48) :: [HyperX autodiscover] Failed hyperx.templatetags.hyperx_elements.xtabs: cannot import name 'register_hx_tag' from partially initialized module 'hyperx.templatetags.hyperx' (most likely due to a circular import) (/home/faron/Public/gits/hyperx-htmx/hyperx/templatetags/hyperx.py)
2025-10-12 22:07:05,543 [[36mDEBUG[0m[0m[0m] hx-autodiscover (autodiscover.py:37) :: [HyperX autodiscover] Scanning hyperx.core.hx...
2025-10-12 22:07:05,572 [[36mDEBUG[0m[0m[0m] hx-autodiscover (autodiscover.py:46) :: [HyperX autodiscover] Imported hyperx.core.hx.hx_actions_rules
2025-10-12 22:07:05,577 [[36mDEBUG[0m[0m[0m] hx-autodiscover (autodiscover.py:46) :: [HyperX autodiscover] Imported hyperx.core.hx.hx_attributes
2025-10-12 22:07:05,578 [[36mDEBUG[0m[0m[0m] hx-autodiscover (autodiscover.py:46) :: [HyperX autodiscover] Imported hyperx.core.hx.hx_converter
2025-10-12 22:07:05,579 [[36mDEBUG[0m[0m[0m] hx-autodiscover (autodiscover.py:46) :: [HyperX autodiscover] Imported hyperx.core.hx.hx_runtime_compiler
2025-10-12 22:07:05,580 [[36mDEBUG[0m[0m[0m] hx-autodiscover (autodiscover.py:46) :: [HyperX autodiscover] Imported hyperx.core.hx.library_loader
