2025-10-12 21:40:08,561 [[32mINFO[0m[0m[0m] hx_converter (hx_converter.py:11) :: hx_converter initialized
2025-10-12 21:41:07,061 [[32mINFO[0m[0m[0m] hx_converter (hx_converter.py:11) :: hx_converter initialized
2025-10-12 21:43:37,461 [[32mINFO[0m[0m[0m] hx_converter (hx_converter.py:11) :: hx_converter initialized
2025-10-12 21:53:27,232 [[32mINFO[0m[0m[0m] hx_converter (hx_converter.py:11) :: hx_converter initialized
2025-10-12 21:54:08,951 [[32mINFO[0m[0m[0m] hx_converter (hx_converter.py:11) :: hx_converter initialized
2025-10-12 21:55:29,421 [[32mINFO[0m[0m[0m] hx_converter (hx_converter.py:11) :: hx_converter initialized
2025-10-12 21:56:21,535 [[32mINFO[0m[0m[0m] hx_converter (hx_converter.py:11) :: hx_converter initialized
2025-10-12 22:07:05,578 [[32mINFO[0m[0m[0m] hx_converter (hx_converter.py:11) :: hx_converter initialized
2025-10-12 22:25:33,898 [[32mINFO[0m[0m[0m] hx_converter (hx_converter.py:11) :: hx_converter initialized
2025-10-12 22:28:46,621 [[32mINFO[0m[0m[0m] hx_converter (hx_converter.py:11) :: hx_converter initialized
2025-10-12 22:28:46,621 [[36mDEBUG[0m[0m[0m] hx_converter (hx_converter.py:22) :: [HyperX Elements] Registered tag converter: chat
2025-10-12 22:30:20,199 [[32mINFO[0m[0m[0m] hx_converter (hx_converter.py:11) :: hx_converter initialized
2025-10-12 22:30:20,199 [[36mDEBUG[0m[0m[0m] hx_converter (hx_converter.py:22) :: [HyperX Elements] Registered tag converter: chat
2025-10-12 22:47:14,344 [[32mINFO[0m[0m[0m] hx_converter (hx_converter.py:11) :: hx_converter initialized
2025-10-12 22:47:14,345 [[36mDEBUG[0m[0m[0m] hx_converter (hx_converter.py:22) :: [HyperX Elements] Registered tag converter: auto_css
2025-10-12 22:47:14,346 [[36mDEBUG[0m[0m[0m] hx_converter (hx_converter.py:22) :: [HyperX Elements] Registered tag converter: chat
2025-10-12 22:47:14,346 [[36mDEBUG[0m[0m[0m] hx_converter (hx_converter.py:22) :: [HyperX Elements] Registered tag converter: alert
2025-10-12 22:47:14,346 [[36mDEBUG[0m[0m[0m] hx_converter (hx_converter.py:22) :: [HyperX Elements] Registered tag converter: badge
2025-10-12 22:47:14,347 [[36mDEBUG[0m[0m[0m] hx_converter (hx_converter.py:22) :: [HyperX Elements] Registered tag converter: button
2025-10-12 22:47:14,347 [[36mDEBUG[0m[0m[0m] hx_converter (hx_converter.py:22) :: [HyperX Elements] Registered tag converter: chart
2025-10-12 22:47:14,348 [[36mDEBUG[0m[0m[0m] hx_converter (hx_converter.py:22) :: [HyperX Elements] Registered tag converter: chat
2025-10-12 22:47:14,348 [[36mDEBUG[0m[0m[0m] hx_converter (hx_converter.py:22) :: [HyperX Elements] Registered tag converter: crud
2025-10-12 22:47:14,349 [[36mDEBUG[0m[0m[0m] hx_converter (hx_converter.py:22) :: [HyperX Elements] Registered tag converter: field
2025-10-12 22:47:14,349 [[36mDEBUG[0m[0m[0m] hx_converter (hx_converter.py:22) :: [HyperX Elements] Registered tag converter: form
2025-10-12 22:47:14,350 [[36mDEBUG[0m[0m[0m] hx_converter (hx_converter.py:22) :: [HyperX Elements] Registered tag converter: generic
2025-10-12 22:47:14,350 [[36mDEBUG[0m[0m[0m] hx_converter (hx_converter.py:22) :: [HyperX Elements] Registered tag converter: grid
2025-10-12 22:47:14,350 [[36mDEBUG[0m[0m[0m] hx_converter (hx_converter.py:22) :: [HyperX Elements] Registered tag converter: input
2025-10-12 22:47:14,351 [[36mDEBUG[0m[0m[0m] hx_converter (hx_converter.py:22) :: [HyperX Elements] Registered tag converter: css_file
2025-10-12 22:47:14,351 [[36mDEBUG[0m[0m[0m] hx_converter (hx_converter.py:22) :: [HyperX Elements] Registered tag converter: css_inline
2025-10-12 22:47:14,351 [[36mDEBUG[0m[0m[0m] hx_converter (hx_converter.py:22) :: [HyperX Elements] Registered tag converter: js_file
2025-10-12 22:47:14,351 [[36mDEBUG[0m[0m[0m] hx_converter (hx_converter.py:22) :: [HyperX Elements] Registered tag converter: loader
2025-10-12 22:47:14,352 [[36mDEBUG[0m[0m[0m] hx_converter (hx_converter.py:22) :: [HyperX Elements] Registered tag converter: meta
2025-10-12 22:47:14,352 [[36mDEBUG[0m[0m[0m] hx_converter (hx_converter.py:22) :: [HyperX Elements] Registered tag converter: modal
2025-10-12 22:47:14,353 [[36mDEBUG[0m[0m[0m] hx_converter (hx_converter.py:22) :: [HyperX Elements] Registered tag converter: pagination
2025-10-12 22:47:14,353 [[36mDEBUG[0m[0m[0m] hx_converter (hx_converter.py:22) :: [HyperX Elements] Registered tag converter: panel
2025-10-12 22:47:14,354 [[36mDEBUG[0m[0m[0m] hx_converter (hx_converter.py:22) :: [HyperX Elements] Registered tag converter: plaintable
2025-10-12 22:47:14,354 [[36mDEBUG[0m[0m[0m] hx_converter (hx_converter.py:22) :: [HyperX Elements] Registered tag converter: poll
2025-10-12 22:47:14,354 [[36mDEBUG[0m[0m[0m] hx_converter (hx_converter.py:22) :: [HyperX Elements] Registered tag converter: select
2025-10-12 22:47:14,355 [[36mDEBUG[0m[0m[0m] hx_converter (hx_converter.py:22) :: [HyperX Elements] Registered tag converter: form
2025-10-12 22:47:14,355 [[36mDEBUG[0m[0m[0m] hx_converter (hx_converter.py:22) :: [HyperX Elements] Registered tag converter: tablecrud
2025-10-12 22:47:14,356 [[36mDEBUG[0m[0m[0m] hx_converter (hx_converter.py:22) :: [HyperX Elements] Registered tag converter: toast
2025-10-12 22:47:14,356 [[36mDEBUG[0m[0m[0m] hx_converter (hx_converter.py:22) :: [HyperX Elements] Registered tag converter: upload
2025-10-12 22:47:14,357 [[36mDEBUG[0m[0m[0m] hx_converter (hx_converter.py:22) :: [HyperX Elements] Registered tag converter: xtab
2025-10-12 23:10:59,282 [[32mINFO[0m[0m[0m] hx_converter (hx_converter.py:11) :: hx_converter initialized
2025-10-12 23:11:55,529 [[32mINFO[0m[0m[0m] hx_converter (hx_converter.py:11) :: hx_converter initialized
