2025-10-12 02:16:21,007 [[32mINFO[0m[0m[0m] scoffold_main (scoffold_main.py:22) :: scoffold_main initialized
2025-10-12 02:16:21,007 [[32mINFO[0m[0m[0m] scoffold_main (scoffold_main.py:29) :: Looking for hx.py in /home/faron/Public/gits/hyperx-htmx/hyperx
2025-10-12 02:17:40,102 [[32mINFO[0m[0m[0m] scoffold_main (scoffold_main.py:22) :: scoffold_main initialized
2025-10-12 02:17:40,103 [[32mINFO[0m[0m[0m] scoffold_main (scoffold_main.py:29) :: Looking for hx.py in /home/faron/Public/gits/hyperx-htmx/hyperx
2025-10-12 02:18:15,258 [[32mINFO[0m[0m[0m] scoffold_main (scoffold_main.py:22) :: scoffold_main initialized
2025-10-12 02:18:15,258 [[32mINFO[0m[0m[0m] scoffold_main (scoffold_main.py:29) :: Looking for hx.py in /home/faron/Public/gits/hyperx-htmx/hyperx
2025-10-12 02:18:15,258 [[32mINFO[0m[0m[0m] scoffold_main (scoffold_main.py:29) :: Looking for hx.py in /home/faron/Public/gits/hyperx-htmx/hyperx/bin
2025-10-12 02:18:15,258 [[32mINFO[0m[0m[0m] scoffold_main (scoffold_main.py:29) :: Looking for hx.py in /home/faron/Public/gits/hyperx-htmx/hyperx/bin/cli
2025-10-12 02:18:15,258 [[32mINFO[0m[0m[0m] scoffold_main (scoffold_main.py:32) :: Found hx.py at /home/faron/Public/gits/hyperx-htmx/hyperx/bin/cli/hx.py
2025-10-12 02:18:15,258 [[32mINFO[0m[0m[0m] scoffold_main (scoffold_main.py:34) :: Removing old generated file at /home/faron/Public/gits/hyperx-htmx/hyperx/bin/cli/hx.py
2025-10-12 02:18:15,258 [[33mWARNING[0m[0m[0m] scoffold_main (scoffold_main.py:36) :: Removed old hx.py at /home/faron/Public/gits/hyperx-htmx/hyperx/bin/cli/hx.py
2025-10-12 02:23:11,087 [[32mINFO[0m[0m[0m] scoffold_main (scoffold_main.py:22) :: scoffold_main initialized
2025-10-12 02:23:11,087 [[32mINFO[0m[0m[0m] scoffold_main (scoffold_main.py:29) :: Looking for hx.py in /home/faron/Public/gits/hyperx-htmx/hyperx
2025-10-12 02:23:11,087 [[32mINFO[0m[0m[0m] scoffold_main (scoffold_main.py:29) :: Looking for hx.py in /home/faron/Public/gits/hyperx-htmx/hyperx/bin
2025-10-12 02:23:11,087 [[32mINFO[0m[0m[0m] scoffold_main (scoffold_main.py:29) :: Looking for hx.py in /home/faron/Public/gits/hyperx-htmx/hyperx/bin/cli
2025-10-12 02:23:11,087 [[32mINFO[0m[0m[0m] scoffold_main (scoffold_main.py:32) :: Found hx.py at /home/faron/Public/gits/hyperx-htmx/hyperx/bin/cli/hx.py
2025-10-12 02:23:11,087 [[32mINFO[0m[0m[0m] scoffold_main (scoffold_main.py:34) :: Removing old generated file at /home/faron/Public/gits/hyperx-htmx/hyperx/bin/cli/hx.py
2025-10-12 02:23:11,087 [[33mWARNING[0m[0m[0m] scoffold_main (scoffold_main.py:36) :: Removed old hx.py at /home/faron/Public/gits/hyperx-htmx/hyperx/bin/cli/hx.py
2025-10-12 02:29:17,217 [[32mINFO[0m[0m[0m] scoffold_main (scoffold_main.py:24) :: scoffold_main initialized (scanning bin/ + lib/)
2025-10-12 02:29:17,217 [[33mWARNING[0m[0m[0m] scoffold_main (scoffold_main.py:31) :: 🗑️ Removed old /home/faron/Public/gits/hyperx-htmx/hyperx/bin/cli/hx.py
2025-10-12 02:29:17,219 [[32mINFO[0m[0m[0m] scoffold_main (scoffold_main.py:73) :: Found 20 commands in /home/faron/Public/gits/hyperx-htmx/hyperx/bin
2025-10-12 02:29:17,219 [[33mWARNING[0m[0m[0m] scoffold_main (scoffold_main.py:75) :: Directory not found: /home/faron/Public/gits/hyperx-htmx/hyperx/lib
2025-10-12 02:41:06,014 [[32mINFO[0m[0m[0m] scoffold_main (scoffold_main.py:24) :: scoffold_main initialized (scanning bin/ + lib/)
2025-10-12 02:41:06,014 [[33mWARNING[0m[0m[0m] scoffold_main (scoffold_main.py:31) :: 🗑️ Removed old /home/faron/Public/gits/hyperx-htmx/hyperx/bin/cli/hx.py
2025-10-12 02:41:06,016 [[32mINFO[0m[0m[0m] scoffold_main (scoffold_main.py:88) :: Found 20 commands in /home/faron/Public/gits/hyperx-htmx/hyperx/bin
2025-10-12 02:41:06,016 [[33mWARNING[0m[0m[0m] scoffold_main (scoffold_main.py:90) :: Directory not found: /home/faron/Public/gits/hyperx-htmx/hyperx/lib
2025-10-12 02:44:39,635 [[32mINFO[0m[0m[0m] scoffold_main (scoffold_main.py:24) :: scoffold_main initialized (scanning bin/ + lib/)
2025-10-12 02:44:39,635 [[33mWARNING[0m[0m[0m] scoffold_main (scoffold_main.py:31) :: 🗑️ Removed old /home/faron/Public/gits/hyperx-htmx/hyperx/bin/cli/hx.py
2025-10-12 02:44:39,638 [[32mINFO[0m[0m[0m] scoffold_main (scoffold_main.py:88) :: Found 20 commands in /home/faron/Public/gits/hyperx-htmx/hyperx/bin
2025-10-12 02:44:39,638 [[32mINFO[0m[0m[0m] scoffold_main (scoffold_main.py:88) :: Found 0 commands in /home/faron/Public/gits/hyperx-htmx/hyperx/lib
2025-10-12 03:13:20,066 [[32mINFO[0m[0m[0m] scoffold_main (scoffold_main.py:6) :: scoffold_main initialized
2025-10-12 03:13:20,066 [[32mINFO[0m[0m[0m] scoffold_main (scoffold_main.py:57) :: Scanning BIN and LIB trees in DEV mode
2025-10-12 03:14:02,007 [[32mINFO[0m[0m[0m] scoffold_main (scoffold_main.py:6) :: scoffold_main initialized
2025-10-12 03:14:02,007 [[32mINFO[0m[0m[0m] scoffold_main (scoffold_main.py:57) :: Scanning BIN and LIB trees in DEV mode
2025-10-12 03:21:36,636 [[32mINFO[0m[0m[0m] scoffold_main (scoffold_main.py:16) :: scoffold_main initialized
2025-10-12 03:21:36,636 [[32mINFO[0m[0m[0m] scoffold_main (scoffold_main.py:65) :: Scanning BIN and LIB trees in DEV mode
2025-10-12 03:24:52,381 [[32mINFO[0m[0m[0m] scoffold_main (scoffold_main.py:17) :: scoffold_main initialized
2025-10-12 03:24:52,382 [[32mINFO[0m[0m[0m] scoffold_main (scoffold_main.py:63) :: Scanning BIN and LIB trees in DEV mode
2025-10-12 03:26:59,404 [[32mINFO[0m[0m[0m] scoffold_main (scoffold_main.py:17) :: scoffold_main initialized
2025-10-12 03:26:59,405 [[32mINFO[0m[0m[0m] scoffold_main (scoffold_main.py:64) :: Scanning BIN and LIB trees in DEV mode
2025-10-12 03:27:24,593 [[32mINFO[0m[0m[0m] scoffold_main (scoffold_main.py:17) :: scoffold_main initialized
2025-10-12 03:27:24,593 [[32mINFO[0m[0m[0m] scoffold_main (scoffold_main.py:64) :: Scanning BIN and LIB trees in DEV mode
2025-10-12 03:27:50,023 [[32mINFO[0m[0m[0m] scoffold_main (scoffold_main.py:17) :: scoffold_main initialized
2025-10-12 03:27:50,023 [[32mINFO[0m[0m[0m] scoffold_main (scoffold_main.py:64) :: Scanning BIN and LIB trees in DEV mode
2025-10-12 03:33:04,172 [[32mINFO[0m[0m[0m] scoffold_main (scoffold_main.py:17) :: scoffold_main initialized
2025-10-12 03:33:04,172 [[32mINFO[0m[0m[0m] scoffold_main (scoffold_main.py:50) :: Building Click CLI in DEV mode
2025-10-12 03:34:01,274 [[32mINFO[0m[0m[0m] scoffold_main (scoffold_main.py:17) :: scoffold_main initialized
2025-10-12 03:34:01,275 [[32mINFO[0m[0m[0m] scoffold_main (scoffold_main.py:50) :: Building Click CLI in DEV mode
2025-10-12 03:40:22,227 [[32mINFO[0m[0m[0m] scoffold_main (scoffold_main.py:17) :: scoffold_main initialized
2025-10-12 03:40:22,227 [[32mINFO[0m[0m[0m] scoffold_main (scoffold_main.py:50) :: Building Click CLI in DEV mode
2025-10-12 03:44:35,412 [[32mINFO[0m[0m[0m] scoffold_main (scoffold_main.py:17) :: scoffold_main initialized
2025-10-12 03:44:35,413 [[32mINFO[0m[0m[0m] scoffold_main (scoffold_main.py:50) :: Building Click CLI in DEV mode
2025-10-12 03:46:16,461 [[32mINFO[0m[0m[0m] scoffold_main (scoffold_main.py:17) :: scoffold_main initialized
2025-10-12 03:46:16,461 [[32mINFO[0m[0m[0m] scoffold_main (scoffold_main.py:50) :: Building Click CLI in DEV mode
2025-10-12 06:00:33,616 [[32mINFO[0m[0m[0m] scoffold_main (scoffold_main.py:17) :: scoffold_main initialized
2025-10-12 06:00:33,617 [[32mINFO[0m[0m[0m] scoffold_main (scoffold_main.py:50) :: Building Click CLI in DEV mode
2025-10-12 06:07:26,088 [[32mINFO[0m[0m[0m] scoffold_main (scoffold_main.py:17) :: scoffold_main initialized
2025-10-12 06:07:26,088 [[32mINFO[0m[0m[0m] scoffold_main (scoffold_main.py:50) :: Building Click CLI in DEV mode
2025-10-12 06:12:24,073 [[32mINFO[0m[0m[0m] scoffold_main (scoffold_main.py:17) :: scoffold_main initialized
2025-10-12 06:12:24,073 [[32mINFO[0m[0m[0m] scoffold_main (scoffold_main.py:50) :: Building Click CLI in DEV mode
2025-10-12 06:13:03,065 [[32mINFO[0m[0m[0m] scoffold_main (scoffold_main.py:17) :: scoffold_main initialized
2025-10-12 06:13:03,065 [[32mINFO[0m[0m[0m] scoffold_main (scoffold_main.py:50) :: Building Click CLI in DEV mode
2025-10-12 06:13:45,506 [[32mINFO[0m[0m[0m] scoffold_main (scoffold_main.py:17) :: scoffold_main initialized
2025-10-12 06:13:45,507 [[32mINFO[0m[0m[0m] scoffold_main (scoffold_main.py:50) :: Building Click CLI in DEV mode
2025-10-12 06:15:00,732 [[32mINFO[0m[0m[0m] scoffold_main (scoffold_main.py:17) :: scoffold_main initialized
2025-10-12 06:15:00,732 [[32mINFO[0m[0m[0m] scoffold_main (scoffold_main.py:50) :: Building Click CLI in DEV mode
2025-10-12 06:16:26,767 [[32mINFO[0m[0m[0m] scoffold_main (scoffold_main.py:17) :: scoffold_main initialized
2025-10-12 06:16:26,767 [[32mINFO[0m[0m[0m] scoffold_main (scoffold_main.py:50) :: Building Click CLI in DEV mode
2025-10-12 06:16:58,880 [[32mINFO[0m[0m[0m] scoffold_main (scoffold_main.py:17) :: scoffold_main initialized
2025-10-12 06:16:58,881 [[32mINFO[0m[0m[0m] scoffold_main (scoffold_main.py:50) :: Building Click CLI in DEV mode
2025-10-12 06:23:14,043 [[32mINFO[0m[0m[0m] scoffold_main (scoffold_main.py:17) :: scoffold_main initialized
2025-10-12 06:23:14,044 [[32mINFO[0m[0m[0m] scoffold_main (scoffold_main.py:50) :: Building Click CLI in DEV mode
2025-10-12 06:25:59,471 [[32mINFO[0m[0m[0m] scoffold_main (scoffold_main.py:17) :: scoffold_main initialized
2025-10-12 06:25:59,471 [[32mINFO[0m[0m[0m] scoffold_main (scoffold_main.py:50) :: Building Click CLI in PUBLIC mode
2025-10-12 06:27:40,034 [[32mINFO[0m[0m[0m] scoffold_main (scoffold_main.py:17) :: scoffold_main initialized
2025-10-12 06:27:40,034 [[32mINFO[0m[0m[0m] scoffold_main (scoffold_main.py:50) :: Building Click CLI in DEV mode
2025-10-12 21:28:55,990 [[32mINFO[0m[0m[0m] scoffold_main (scoffold_main.py:17) :: scoffold_main initialized
2025-10-12 21:28:55,990 [[32mINFO[0m[0m[0m] scoffold_main (scoffold_main.py:50) :: Building Click CLI in DEV mode
2025-10-12 21:29:11,312 [[32mINFO[0m[0m[0m] scoffold_main (scoffold_main.py:17) :: scoffold_main initialized
2025-10-12 21:29:11,313 [[32mINFO[0m[0m[0m] scoffold_main (scoffold_main.py:50) :: Building Click CLI in DEV mode
